https://hdsr.mitpress.mit.edu/pub/l0jsh9d1/release/8,OK
https://manyfesto.ai/,OK
ERR: nan, Invalid URL 'nan': No scheme supplied. Perhaps you meant https://nan?
nan,OK
https://community.intel.com/t5/Blogs/Intel/Policy-Intel/Intel-Recommends-Public-Policy-Principles-for-Artificial/post/1333004,OK
ERR: https://www.fonow.com/view/208592.html,523
ERR: https://www.inf.ufrgs.br/~prestes/Courses/Robotics/beyond%20asimov.pdf, HTTPSConnectionPool(host='www.inf.ufrgs.br', port=443): Read timed out. (read timeout=10)
ERR: https://www.inf.ufrgs.br/~prestes/Courses/Robotics/beyond%20asimov.pdf,523
http://it.people.com.cn/n1/2020/0309/c1009-31622757.html,OK
https://github.com/freeai-manifesto/manifesto,OK
https://slate.com/technology/2016/06/microsoft-ceo-satya-nadella-humans-and-a-i-can-work-together-to-solve-societys-challenges.html,OK
https://www.aomrc.org.uk/wp-content/uploads/2019/01/Artificial_intelligence_in_healthcare_0119.pdf,OK
ERR: https://www.accenture.com/t20160629T012639Z__w__/us-en/_acnmedia/PDF-24/Accenture-Universal-Principles-Data-Ethics.pdf new URL https://fr.scribd.com/document/450122018/Accenture-Universal-Principles-Data-Ethics#,502
https://www.accenture.com/gb-en/company-responsible-ai-robotics,OK
https://www.accessnow.org/cms/assets/uploads/2018/11/AI-and-Human-Rights.pdf,OK
https://www.torontodeclaration.org/declaration-text/english/,OK
https://www.accessnow.org/wp-content/uploads/2020/12/Europes-approach-to-AI-strategy-is-evolving.pdf,OK
https://www.accessnow.org/cms/assets/uploads/2022/11/Access-Now-Version-Human-Rights-Implications-of-Algorithmic-Impact-Assessments_-Priority-Recommendations-to-Guide-Effective-Development-and-Use.pdf,OK
ERR: accessnow.org/wp-content/uploads/2018/11/mapping_regulatory_proposals_for_AI_in_EU.pdf, Invalid URL 'accessnow.org/wp-content/uploads/2018/11/mapping_regulatory_proposals_for_AI_in_EU.pdf': No scheme supplied. Perhaps you meant https://accessnow.org/wp-content/uploads/2018/11/mapping_regulatory_proposals_for_AI_in_EU.pdf?
accessnow.org/wp-content/uploads/2018/11/mapping_regulatory_proposals_for_AI_in_EU.pdf,OK
https://www.adalovelaceinstitute.org/wp-content/uploads/2022/03/Expert-opinion-Lilian-Edwards-Regulating-AI-in-Europe.pdf,OK
https://www.ethicscanvas.org/index.html,OK
http://www.adel-label.com/adel/,OK
https://www.adobe.com/about-adobe/aiethics.html,OK
https://www8.cao.go.jp/cstp/tyousakai/ai/summary/aisociety_en.pdf,OK
https://ai-white-paper.readthedocs.io/en/latest/,OK
https://assets.publishing.service.gov.uk/media/5ff3bc6e8fa8f53b76ccee23/AI_Council_AI_Roadmap.pdf,OK
https://data.govt.nz/assets/data-ethics/algorithm/Trustworthy-AI-in-Aotearoa-March-2020.pdf,OK
https://ainowinstitute.org/wp-content/uploads/2023/04/AI_Now_2017_Report.pdf,OK
https://ainowinstitute.org/wp-content/uploads/2023/04/AI_Now_2018_Report.pdf,OK
https://ainowinstitute.org/wp-content/uploads/2023/04/AI-Now-2023-Landscape-Report-FINAL.pdf,OK
https://ainowinstitute.org/wp-content/uploads/2023/04/AI_Now_2019_Report.pdf,OK
https://artificialintelligencenow.com/media/documents/AINowSummaryReport_3_RpmwKHu.pdf,OK
https://airecht.nl/s/Artificial-Intelligence-Impact-Assessment-English.pdf,OK
https://www.ai4belgium.be/wp-content/uploads/2019/04/report_en.pdf,OK
https://link.springer.com/content/pdf/10.1007/s11023-018-9482-5.pdf,OK
https://www.ai-ethics-impact.org/resource/blob/1961130/c6db9894ee73aefa489d6249f5ee2b9f/aieig---report---download-hb-data.pdf,OK
https://www.aisoma.de/wp-content/uploads/2021/01/Overview-of-National-AI-Strategies.pdf,OK
https://aisp.upenn.edu/wp-content/uploads/2022/07/AISP-Toolkit_5.27.20.pdf,OK
https://automatingsociety.algorithmwatch.org/report2020/policy-recommendations/,OK
https://algorithmwatch.org/wp-content/uploads/2017/06/AlgorithmWatch_Working-Paper_No_2_Ethics_ADM.pdf,OK
https://algorithmwatch.org/wp-content/uploads/2019/01/Automating_Society_Report_2019.pdf,OK
https://alltechishuman.org/ai-human-rights-report,OK
https://allai.nl/wp-content/uploads/2021/08/EU-Proposal-for-Artificial-Intelligence-Act-Analysis-and-Recommendations.pdf,OK
ERR: https://www.nytimes.com/2017/09/01/opinion/artificial-intelligence-regulations-rules.html,403
ERR: https://www.adp.com/-/media/adp/redesign2018/pdf/data-privacy/ai-ethics-statement.pdf?rev=f155df771fea4850b310f17ca407f3f1&hash=73364D9FB41931A7C1887B976538BE5C,403
https://www.acr.org/-/media/ACR/Files/Informatics/Ethics-of-AI-in-Radiology-European-and-North-American-Multisociety-Statement--6-13-2019.pdf,OK
https://policysearch.ama-assn.org/policyfinder/detail/augmented%20intelligence?uri=%2FAMADoc%2FHOD.xml-H-480.940.xml,OK
https://academic.oup.com/jamia/article/29/4/585/6534106?login=true,OK
https://www.heise.de/downloads/18/2/7/0/8/1/7/0/safety-first-for-automated-driving.pdf,OK
https://www.arm.com/blogs/blueprint/wp-content/uploads/2019/11/Arm-AI-Trust-Manifesto-2019.pdf,OK
https://ec.europa.eu/newsroom/document.cfm?doc_id=47742,OK
https://perma.cc/K22T-5DFU,OK
https://www.acm.org/binaries/content/assets/public-policy/usacm/2018-usacm-statement-law-enforcement-access.pdf,OK
https://www.acm.org/binaries/content/assets/public-policy/2017_usacm_statement_accessibility.pdf,OK
https://www.acm.org/binaries/content/assets/public-policy/2017_usacm_statement_computingandnetworksecurity.pdf,OK
https://www.acm.org/binaries/content/assets/public-policy/2017_joint_statement_iotprivacysecurity.pdf,OK
https://www.acm.org/code-of-ethics,OK
https://www.acm.org/binaries/content/assets/public-policy/2017_usacm_statement_algorithms.pdf,OK
https://standards.ieee.org/initiatives/autonomous-intelligence-systems/ethical-dilemmas-ai-report/,OK
https://www.csiro.au/-/media/D61/Reports/Artificial-Intelligence-ethics-framework.pdf,OK
https://tech.humanrights.gov.au/sites/default/files/2021-05/AHRC_RightsTech_2021_Final_Report.pdf,OK
https://ad-aspi.s3.ap-southeast-2.amazonaws.com/2023-01/SR183%20AI%20Your%20questions%20answered.pdf?VersionId=RDGO41fuPaLXTscqQt0SKCfOkLU0G7.6,OK
ERR: https://www.acrai.at/wp-content/uploads/2019/04/190315_Ratsempfehlung_zum_Strategieprozess_AIM_AT_2030.pdf,404
https://www.bmk.gv.at/dam/jcr:8acef058-7167-4335-880e-9fa341b723c8/aimat_ua.pdf,OK
https://acpr.banque-france.fr/sites/default/files/medias/documents/20200612_ai_governance_finance.pdf,OK
https://www.axon.com/news/technology/axon-committed-to-listening-and-learning,OK
https://web-assets.bcg.com/3a/4a/66275bf64d92b78b8fabeb3fe705/22-05-31-the-future-of-digital-justice-bls-bcg-web.pdf,OK
ERR: https://ssrn.com/abstract=3518482,429
https://algorules.org/en/home/,OK
https://assets.publishing.service.gov.uk/government/uploads/system/uploads/attachment_data/file/781745/Facial_Recognition_Briefing_BFEG_February_2019.pdf,OK
https://www.bitkom.org/sites/default/files/file/import/171101-PP-Artificial-Intelligence-ENG-Web.pdf,OK
https://www.bitkom.org/sites/default/files/file/import/150901-Bitkom-Positionspapier-Big-Data-Leitlinien.pdf,OK
https://www.bitkom.org/Bitkom/Publikationen/Empfehlungen-fuer-den-verantwortlichen-Einsatz-von-KI-und-automatisierten-Entscheidungen-Corporate-Digital-Responsibility-and-Decision-Making.html,OK
https://blogs.blackberry.com/en/2019/09/the-ai-manifesto,OK
https://www.gov.br/mcti/pt-br/centrais-de-conteudo/comunicados-mcti/estrategia-digital-brasileira/digitalstrategy.pdf,OK
https://7da2ca8d-b80d-4593-a0ab-5272e2b9c6c5.filesusr.com/ugd/7be025_e726c582191c49d2b8b6517a590151f6.pdf,OK
https://www.brookings.edu/wp-content/uploads/2021/10/Strengthening-International-Cooperation-AI_Oct21.pdf,OK
ERR: https://ki-verband.de/ki-guetesiegel-ai-made-in-germany,404
https://www.beuc.eu/publications/beuc-x-2021-088_regulating_ai_to_protect_the_consumer.pdf,OK
https://www.cas.go.jp/jp/seisaku/jinkouchinou/pdf/humancentricai.pdf,OK
https://www.international.gc.ca/world-monde/international_relations-relations_internationales/europe/2018-06-07-france_ai-ia_france.aspx?lang=eng,OK
https://www.cbs.nl/-/media/_pdf/2018/48/verkennend%20onderzoek%20naar%20het%20gebruik%20van%20algoritmen%20binnen%20overheidsorganisaties.pdf,OK
https://cdt.org/wp-content/uploads/2015/04/Digital-Decisions-Project-Description.pdf,OK
https://www.cdt.info/ddtool/,OK
https://www.humanetech.com/technologists#principles,OK
https://www.gov.uk/government/publications/data-ethics-framework/data-ethics-framework-2020,OK
https://www.gov.uk/government/publications/covid-19-repository-and-public-attitudes-retrospective,OK
https://assets.publishing.service.gov.uk/media/60142096d3bf7f70ba377b20/Review_into_bias_in_algorithmic_decision-making.pdf,OK
ERR: https://www.huntonprivacyblog.com/wp-content/uploads/sites/28/2020/03/cipl-hunton_andrews_kurth_legal_note_-_how_gdpr_regulates_ai__12_march_2020_-1.pdf,404
https://uploads-ssl.webflow.com/614b70a71b9f71c9c240c7a7/630534b77182a3513398500f_Brussels_Effect_GovAI.pdf,OK
https://www.fhi.ox.ac.uk/wp-content/uploads/GovAI-Agenda.pdf,OK
https://drive.google.com/uc?export=download&id=1aRyqczni56ONA9PVExt2DrrJ1ATGKSu0,OK
https://hal.archives-ouvertes.fr/hal-01849092/document,OK
https://www.ourcommons.ca/Content/Committee/441/ETHI/Reports/RP11948475/ethirp06/ethirp06-e.pdf,OK
ERR: https://charta-digitale-vernetzung.de/app/uploads/2016/11/Charter-of-Digital-Networking.pdf,404
https://www.newamerica.org/cybersecurity-initiative/digichina/blog/translation-chinese-ai-alliance-drafts-self-discipline-joint-pledge/,OK
https://cifar.ca/wp-content/uploads/2020/05/buildinganaiworld_eng.pdf,OK
https://www.cifar.ca/ai/pan-canadian-artificial-intelligence-strategy,OK
https://www.cigionline.org/documents/1454/Paper%20No.178.pdf,OK
https://www.cigref.fr/wp/wp-content/uploads/2019/02/Cigref-Syntec-Digital-Ethics-Guide-for-Professionals-of-Digital-Age-2018-October-EN.pdf,OK
https://citiesfordigitalrights.org/assets/Declaration_Cities_for_Digital_Rights.pdf,OK
ERR: https://unescoblob.blob.core.windows.net/pdf/UploadCKEditor/REPORT%20OF%20COMEST%20ON%20ROBOTICS%20ETHICS%2014.09.17.pdf,409
http://cerna-ethics-allistene.org/digitalAssets/38/38704_Avis_robotique_livret.pdf,OK
ERR: https://www.cssf.lu/wp-content/uploads/files/Publications/Rapports_ponctuels/CSSF_White_Paper_Artificial_Intelligence_201218.pdf,404
https://www.lco-cdo.org/wp-content/uploads/2021/12/Comparing-European-and-Canadian-AI-Regulation-Final-November-2021.pdf,OK
https://ethics.a-ai.ru/assets/ethics_files/2023/05/12/AI_ETHICS_CODE_10_01_1.pdf,OK
https://www.cncdh.fr/sites/default/files/2022-05/A%20-%202022%20-%206%20%20-%20EN%20%20Artificial%20intelligence%20and%20fundamental%20rights%2C%20april%202022.pdf,OK
https://www.cnil.fr/sites/default/files/atoms/files/cameras-intelligentes-augmentees_position_cnil.pdf,OK
https://www.cnil.fr/sites/default/files/atoms/files/cnil_rapport_ai_gb_web.pdf,OK
https://www.cnil.fr/en/self-assessment-guide-artificial-intelligence-ai-systems,OK
https://www.datenschutz.bremen.de/sixcms/media.php/13/Hambacher_Erklaerung_englisch.pdf,OK
ERR: https://www.congress.gov/bill/116th-congress/house-bill/6216/text,403
https://www.conseil-etat.fr/Media/actualites/documents/2022/11-novembre/etude-ia-nouvelle-version,OK
https://www.cnb.avocat.fr/fr/actualites/preconisations-dactions-pour-les-legaltechs-du-domaine-de-la-jurimetrie,OK
https://cnnumerique.fr/files/uploads/2022/HumainsMachines/CNNum_Humains_machines_Quelles_interactions_au_travail_2022.pdf,OK
https://www.portugal.gov.pt/download-ficheiros/ficheiro.aspx?v=%3D%3DBAAAAB%2BLCAAAAAAABACzMDQxAQC3h%2ByrBAAAAA%3D%3D,OK
https://www.ccbe.eu/fileadmin/speciality_distribution/public/documents/IT_LAW/ITL_Reports_studies/EN_ITL_20220331_Guide-AI4L.pdf,OK
https://www.coe.int/en/web/artificial-intelligence/ai-and-control-of-covid-19-coronavirus,OK
https://rm.coe.int/cahai-2020-23-final-eng-feasibility-study-/1680a0c6da,OK
https://search.coe.int/cm/Pages/result_details.aspx?ObjectID=09000016809ed062,OK
https://rm.coe.int/prems-107320-gbr-2018-compli-cahai-couv-texte-a4-bat-web/1680a0c17a,OK
https://rm.coe.int/inf-2022-5-report-impact-of-ai-on-doctor-patient-relations-e/1680a68859,OK
https://rm.coe.int/cdcj-2018-5e-technical-study-odr/1680913249,OK
https://rm.coe.int/cdpc-2018-14rev-artificial-intelligence-and-criminal-law-project-2018-/16808e64ad,OK
https://rm.coe.int/cdpc-2018-18-draft-programme-thematic-session-artificial-intelligence-/16808e64ab,OK
https://rm.coe.int/feasability-study-en-cepej-2020-15/1680a0adf4,OK
https://rm.coe.int/unboxing-artificial-intelligence-10-steps-to-protect-human-rights-reco/1680946e64,OK
https://www.coe.int/en/web/commissioner/-/safeguarding-human-rights-in-the-era-of-artificial-intelligence?inheritRedirect=true,OK
https://search.coe.int/cm/pages/result_details.aspx?ObjectId=090000168092dd4b,OK
https://search.coe.int/cm/Pages/result_details.aspx?ObjectId=0900001680a1cb98,OK
https://search.coe.int/cm/Pages/result_details.aspx?ObjectId=0900001680a2cf96,OK
https://edoc.coe.int/en/module/ec_addformat/download?cle=b430bedaf544d495473ae9767afc7111&k=c3e8ae10658de1d4a47cbcf479c3c201,OK
https://rm.coe.int/guidelines-to-respect-protect-and-fulfil-the-rights-of-the-child-in-th/16808d881a,OK
https://search.coe.int/cm/Pages/result_details.aspx?ObjectID=0900001680790e14,OK
https://rm.coe.int/1680750d68,OK
https://search.coe.int/cm/pages/result_details.aspx?objectid=09000016809e1154,OK
https://rm.coe.int/guidelines-on-artificial-intelligence-and-data-protection/168091f9d8,OK
https://rm.coe.int/guidelines-on-facial-recognition/1680a134f3,OK
https://rm.coe.int/16806ebe7a,OK
https://rm.coe.int/artificial-intelligence-and-data-protection-challenges-and-possible-re/168091f8a6,OK
ERR: https://www.venice.coe.int/webforms/documents/?pdf=CDL-AD(2019)016-e, HTTPSConnectionPool(host='www.venice.coe.int', port=443): Max retries exceeded with url: /webforms/documents/?pdf=CDL-AD(2019)016-e (Caused by SSLError(SSLError(1, '[SSL: DH_KEY_TOO_SMALL] dh key too small (_ssl.c:1000)')))
https://www.venice.coe.int/webforms/documents/?pdf=CDL-AD(2019)016-e,OK
https://rm.coe.int/information-disorder-toward-an-interdisciplinary-framework-for-researc/168076277c,OK
https://rm.coe.int/discrimination-artificial-intelligence-and-algorithmic-decision-making/1680925d73,OK
https://rm.coe.int/prems-092922-gbr-2517-ai-and-education-txt-16x24-web/1680a956e3,OK
https://rm.coe.int/eurimages-entering-the-new-paradigm-051219/1680995331,OK
https://rm.coe.int/iris-special-2-2020en-artificial-intelligence-in-the-audiovisual-secto/1680a11e0b,OK
https://rm.coe.int/responsability-and-ai-en/168097d9c5,OK
https://rm.coe.int/algorithms-and-human-rights-en-rev/16807956b5,OK
https://rm.coe.int/publication-content-prioritisation-report/1680a07a57,OK
ERR: https://pace.coe.int/en/files/21694/html,403
https://assembly.coe.int/nw/xml/XRef/Xref-XML2HTML-en.asp?fileid=23726&lang=en,OK
http://assembly.coe.int/nw/xml/XRef/Xref-XML2HTML-EN.asp?fileid=28598&lang=en,OK
ERR: https://pace.coe.int/files/28722/pdf,403
ERR: https://pace.coe.int/files/28738/pdf,403
ERR: https://pace.coe.int/files/28737/pdf,403
ERR: https://pace.coe.int/files/28723/pdf,403
ERR: https://pace.coe.int/files/28721/pdf,403
ERR: https://pace.coe.int/files/28715/pdf,403
ERR: https://pace.coe.int/files/28742/pdf,403
ERR: https://www.venice.coe.int/webforms/documents/?pdf=CDL-AD(2020)037-e, HTTPSConnectionPool(host='www.venice.coe.int', port=443): Max retries exceeded with url: /webforms/documents/?pdf=CDL-AD(2020)037-e (Caused by SSLError(SSLError(1, '[SSL: DH_KEY_TOO_SMALL] dh key too small (_ssl.c:1000)')))
ERR: https://www.venice.coe.int/webforms/documents/?pdf=CDL-AD(2020)037-e,403
https://rm.coe.int/ai-report-bil-final/16809f9a88,OK
https://rm.coe.int/declaration-on-youth-participation-in-ai-governance-eng-08122020/1680a0a745,OK
https://rm.coe.int/e-relevance-of-culture-in-the-age-of-ai-expert-seminar-on-culture-crea/168091e688,OK
https://rm.coe.int/conclusions-helsinki-conference-26-27-02-2019/168093bfca,OK
https://rm.coe.int/ethical-charter-en-for-publication-4-december-2018/16808f699c,OK
ERR: http://www.consilium.europa.eu/media/21620/19-euco-final-conclusions-en.pdf,403
https://data.consilium.europa.eu/doc/document/ST-11352-2018-INIT/en/pdf,OK
ERR: https://www.consilium.europa.eu/media/37363/gender-equality_text-adopted.pdf,403
ERR: https://www.consilium.europa.eu/media/46496/st11481-en20.pdf,403
http://data.consilium.europa.eu/doc/document/ST-14411-2018-INIT/en/pdf,OK
https://www.courdecassation.fr/files/files/Publications/Divers/Rapport%20open%20data/Rapport_La_Diffusion_des_donn%C3%A9es_d%C3%A9cisionnelles_et_la_jurisprudence.pdf,OK
https://criticalengineering.org/en,OK
https://www.ajcact.org,OK
https://cis-india.org/internet-governance/files/data-for-the-benefit-of-people,OK
https://datasociety.net/wp-content/uploads/2018/10/DataSociety_Governing_Artificial_Intelligence_Upholding_Human_Rights.pdf,OK
https://dataethics.eu/data-ethics-principles/,OK
https://www.bmi.bund.de/SharedDocs/downloads/EN/themen/it-digital-policy/datenethikkommission-abschlussgutachten-lang.pdf?__blob=publicationFile&v=5,OK
https://www.bmi.bund.de/SharedDocs/downloads/EN/themen/it-digital-policy/recommendations-data-ethics-commission.pdf;jsessionid=F3332ECDBF9E5FFDB93910C64986F0D9.2_cid295?__blob=publicationFile&v=4,OK
https://dataforgood.fr/projects/sermenthippocrate/,OK
https://pages.dataiku.com/white-paper-responsible-ai-myths?utm_id=14648494480--127992688035--545776075822--ethical%20ai&utm_source=emea-adwords&utm_medium=paid-search&utm_campaign=CONTENT%20Responsible%20AI%20Myths%20vs%20Reality&gclid=CjwKCAiA7IGcBhA8EiwAFfUDsX1aCtwtfikx-sgtn1Qyt22TtN5cXvgWsLrben7RhzJxi0rMv6IEbRoCfTAQAvD_BwE,OK
ERR: https://www.deepmind.com/about/ethics-and-society, https://www.deepmind.com/safety-and-ethics,404
https://media.defense.gov/2019/Oct/31/2002204458/-1/-1/0/DIB_AI_PRINCIPLES_PRIMARY_DOCUMENT.PDF,OK
https://www.defenseurdesdroits.fr/sites/default/files/2023-07/ddd_rapport_algorithmes_2020_EN_20200531.pdf,OK
https://www.gov.uk/government/uploads/system/uploads/attachment_data/file/709519/2018-05_PSD_Debt_and_Fraud_Draft_Information_Sharing_Code_of_Practice.pdf,OK
https://www.gov.uk/government/publications/establishing-a-pro-innovation-approach-to-regulating-ai/establishing-a-pro-innovation-approach-to-regulating-ai-policy-statement,OK
https://www.gov.uk/government/news/new-national-innovation-centre-to-put-uk-at-forefront-of-big-data,OK
https://www.gov.uk/government/publications/guidelines-for-ai-procurement/guidelines-for-ai-procurement,OK
https://www.gov.uk/government/publications/national-ai-strategy/national-ai-strategy-html-version,OK
https://www.gov.uk/government/publications/artificial-intelligence-sector-deal/ai-sector-deal,OK
https://www.gov.uk/government/publications/growing-the-artificial-intelligence-industry-in-the-uk,OK
https://www.gov.uk/government/publications/artificial-intelligence-sector-deal,OK
ERR: https://enterprise.gov.ie/en/Consultations/Public-Consultation-Development-of-a-National-Strategy-on-Artificial-Intelligence.html.,500
https://www.dst.defence.gov.au/sites/default/files/publications/documents/A%20Method%20for%20Ethical%20AI%20in%20Defence.pdf,OK
https://www.ewi-vlaanderen.be/sites/default/files/quaternota_aan_de_vlaamse_regering_-_vlaams_beleidsplan_artificiele_intelligentie.pdf,OK
https://www.gov.uk/government/publications/code-of-conduct-for-data-driven-health-and-care-technology/initial-code-of-conduct-for-data-driven-health-and-care-technology,OK
ERR: https://www.industry.gov.au/publications/australias-artificial-intelligence-ethics-framework/australias-ai-ethics-principles, HTTPSConnectionPool(host='www.industry.gov.au', port=443): Read timed out. (read timeout=10)
https://www.industry.gov.au/publications/australias-artificial-intelligence-ethics-framework/australias-ai-ethics-principles,OK
ERR: http://www.informatizacia.sk/narodna-koncepcia-informatizacie-verejnej-spravy--2016-/22662c,403
ERR: http://www.informatizacia.sk/strategicke-priority-erf/24190c,403
https://www.telekom.com/en/company/digital-responsibility/details/artificial-intelligence-ai-guideline-524366,OK
ERR: https://www.dgb.de/themen/++co++4f242f08-18a7-11e9-b2c1-52540088cada initial url not working, new url: https://www.google.com/url?sa=t&rct=j&q=&esrc=s&source=web&cd=&ved=2ahUKEwiZ6a3w0_iCAxVlUKQEHcsnDN4QFnoECBIQAQ&url=https%3A%2F%2Fwww.dgb.de%2Fthemen%2F%2B%2Bco%2B%2B29d3ee00-4efd-11e9-82a1-52540088cada&usg=AOvVaw2uchumi-lETfyju8MafQcQ&opi=89978449,404
ERR: https://www.digitalfutureforeurope.com/wp-content/uploads/A-way-forward-for-the-D9-in-the-age-of-AI-v4-1.pdf, HTTPSConnectionPool(host='www.digitalfutureforeurope.com', port=443): Max retries exceeded with url: /wp-content/uploads/A-way-forward-for-the-D9-in-the-age-of-AI-v4-1.pdf (Caused by NameResolutionError("<urllib3.connection.HTTPSConnection object at 0x77671079f950>: Failed to resolve 'www.digitalfutureforeurope.com' ([Errno -2] Name or service not known)"))
ERR: https://www.digitalfutureforeurope.com/wp-content/uploads/A-way-forward-for-the-D9-in-the-age-of-AI-v4-1.pdf,404
https://digitalprinciples.org/,OK
https://deon.drivendata.org/,OK
https://joelgomez.abogado.digital/2021-law-technology-and-innovation-v-ii/,OK
https://link.springer.com/article/10.1007/s10115-011-0463-8,OK
ERR: https://www.tandfonline.com/doi/epdf/10.1080/09540091.2016.1271400?needAccess=true&role=button,403
https://arxiv.org/abs/1809.03400,OK
https://arxiv.org/ftp/arxiv/papers/1906/1906.11668.pdf,OK
https://www.nature.com/articles/s42256-019-0088-2,OK
https://www.ethikbeirat-hrtech.de/wp-content/uploads/2019/09/Ethikbeirat_und_Richtlinien_Konsultationsfassung_final.pdf,OK
https://www.bmdv.bund.de/SharedDocs/EN/publications/report-ethics-commission-automated-and-connected-driving.pdf?__blob=publicationFile,OK
https://www.eurocontrol.int/sites/default/files/2020-03/eurocontrol-fly-ai-report-032020.pdf,OK
https://eur-lex.europa.eu/legal-content/en/TXT/?uri=CELEX%3A52021DC0118,OK
https://op.europa.eu/en/publication-detail/-/publication/6ef4df8b-4cea-11e8-be1d-01aa75ed71a1/language-en,OK
ERR: https://commission.europa.eu/system/files/2021-12/1_1_179442_ann_rep_en_0.pdf new url https://ec.europa.eu/commission/presscorner/detail/en/ip_21_6699,404
https://eur-lex.europa.eu/legal-content/EN/TXT/PDF/?uri=CELEX:52018DC0237&from=EN,OK
https://www.digitalhealthnews.eu/images/stories/pdf/artificial_intelligence_in_healthcare-final_report.pdf,OK
https://op.europa.eu/en/publication-detail/-/publication/13e6a212-6181-11ec-9c6c-01aa75ed71a1/language-en,OK
https://edps.europa.eu/node/4907,OK
https://www.esma.europa.eu/sites/default/files/library/jc-2018-04_joint_committee_final_report_on_big_data.pdf,OK
https://digital-strategy.ec.europa.eu/en/news/code-practice-disinformation,OK
https://ec.europa.eu/newsroom/dae/document.cfm?doc_id=58496,OK
https://education.ec.europa.eu/focus-topics/digital-education/action-plan,OK
https://ec.europa.eu/newsroom/dae/document.cfm?doc_id=56018,OK
https://digital-strategy.ec.europa.eu/en/library/coordinated-plan-artificial-intelligence-2021-review direct download url https://ec.europa.eu/newsroom/dae/redirection/document/75787,OK
ERR: https://ec.europa.eu/jrc/communities/en/community/digitranscope/document/eu-declaration-cooperation-artificial-intelligence#:~:text=Declaration%20signed%20at%20Digital%20Day%20on%2010th%20April%202018.&text=This%20Declaration%20builds%20on%20the,of%20a%20Digital%20Single%20Market.,403
https://op.europa.eu/o/opportal-service/download-handler?identifier=651a6438-7357-11ec-9136-01aa75ed71a1&format=pdf&language=en&productionSystem=cellar&part=,OK
https://eur-lex.europa.eu/legal-content/EN/TXT/HTML/?uri=CELEX:52020DC0591&from=EN,OK
https://ec.europa.eu/docsroom/documents/43845,OK
https://digital-strategy.ec.europa.eu/en/library/proposal-regulation-european-approach-artificial-intelligence,OK
https://op.europa.eu/en/publication-detail/-/publication/4fb8e194-f634-11ea-991b-01aa75ed71a1,OK
https://commission.europa.eu/system/files/2020-02/commission-white-paper-artificial-intelligence-feb2020_en.pdf,OK
https://ec.europa.eu/newsroom/dae/document.cfm?doc_id=68342,OK
https://www.aepd.es/sites/default/files/2019-12/ai-ethics-guidelines.pdf,OK
https://digital-strategy.ec.europa.eu/en/library/study-supporting-impact-assessment-ai-regulation,OK
https://ec.europa.eu/newsroom/dae/document.cfm?doc_id=60343,OK
https://op.europa.eu/en/publication-detail/-/publication/a72ac1a9-98e2-11eb-b85c-01aa75ed71a1/language-en,OK
https://op.europa.eu/en/publication-detail/-/publication/082f1dbc-821d-11eb-9ac9-01aa75ed71a1,OK
https://ec.europa.eu/newsroom/dae/document.cfm?doc_id=63199,OK
https://publications.jrc.ec.europa.eu/repository/bitstream/JRC127944/JRC127944_01.pdf,OK
https://publications.jrc.ec.europa.eu/repository/bitstream/JRC125952/ai_watch_task_9_standardization_activity_mapping_v5.1.3.pdf,OK
https://publications.jrc.ec.europa.eu/repository/bitstream/JRC120399/jrc120399_misuraca-ai-watch_public-services_30062020_def.pdf,OK
https://publications.jrc.ec.europa.eu/repository/bitstream/JRC122014/jrc122014_ai_watch_assessing_technology_readiness_levels_for_artificial_intelligence-1.pdf,OK
https://publications.jrc.ec.europa.eu/repository/bitstream/JRC126665/jrc126665_sustainable_implementation_of_ai_in_public_services_technical-report_v2.pdf,OK
https://op.europa.eu/o/opportal-service/download-handler?identifier=6cc0f1b6-59dd-11ea-8b81-01aa75ed71a1&format=pdf&language=en&productionSystem=cellar&part=,OK
https://publications.jrc.ec.europa.eu/repository/bitstream/JRC122684/ai_watch_report_national_ai_strategies.pdf,OK
https://publications.jrc.ec.europa.eu/repository/bitstream/JRC122684/ai_watch_report_national_ai_strategies.pdf,OK
https://op.europa.eu/fr/publication-detail/-/publication/34251428-dc12-11ec-a534-01aa75ed71a1,OK
ERR: https://publications.jrc.ec.europa.eu/repository/handle/JRC113826 direct download url https://publications.jrc.ec.europa.eu/repository/bitstream/JRC113826/ai-flagship-report-online.pdf,404
https://publications.jrc.ec.europa.eu/repository/bitstream/JRC129614/JRC129614_01.pdf,OK
https://op.europa.eu/o/opportal-service/download-handler?identifier=5cb8eee3-e888-11e8-b690-01aa75ed71a1&format=pdf&language=en&productionSystem=cellar&part=,OK
https://www.telekom.com/resource/blob/532446/f32ea4f5726ff3ed3902e97dd945fa14/dl-180710-ki-leitlinien-en-data.pdf,OK
https://publications.jrc.ec.europa.eu/repository/bitstream/JRC125343/what-future-for-european-robotics.pdf,OK
https://www.eib.org/attachments/thematic/artificial_intelligence_blockchain_and_the_future_of_europe_report_en.pdf,OK
https://edps.europa.eu/sites/edp/files/publication/18-03-19_online_manipulation_en.pdf,OK
https://edri.org/wp-content/uploads/2021/01/EDRi-open-letter-AI-red-lines.pdf,OK
https://www.eesc.europa.eu/en/our-work/opinions-information-reports/opinions/investing-smart-innovative-and-sustainable-industry-referral,OK
ERR: https://webapi2016.eesc.europa.eu/v1/documents/EESC-2017-00654-00-00-AC-TRA-en.docx/content,404
https://eur-lex.europa.eu/legal-content/EN/TXT/PDF/?uri=CELEX:52016IE5369&from=EN,OK
https://www.europeanlawinstitute.eu/fileadmin/user_upload/p_eli/Publications/ELI_Innovation_Paper_on_Guiding_Principles_for_ADM_in_the_EU.pdf,OK
https://www.europeanlawinstitute.eu/fileadmin/user_upload/p_eli/Publications/ELI_Model_Rules_on_Impact_Assessment_of_ADMSs_Used_by_Public_Administration.pdf,OK
https://ai.equineteurope.org/system/files/2021-04/EQUINET_REGULATING%20FOR%20AN%20EQUAL%20AI_2020_report.pdf,OK
https://ai.equineteurope.org/system/files/2022-06/Equinet-Position-Paper-on-AI-and-Equality.pdf,OK
http://www.europarl.europa.eu/RegData/etudes/STUD/2019/624262/EPRS_STU(2019)624262_EN.pdf,OK
https://www.europarl.europa.eu/RegData/etudes/STUD/2022/729516/EPRS_STU(2022)729516_EN.pdf,OK
https://www.europarl.europa.eu/RegData/etudes/BRIE/2021/662936/IPOL_BRI(2021)662936_EN.pdf,OK
https://www.europarl.europa.eu/RegData/etudes/STUD/2022/699643/IPOL_STU(2022)699643_EN.pdf,OK
https://www.europarl.europa.eu/RegData/etudes/STUD/2021/662926/IPOL_STU(2021)662926_EN.pdf,OK
https://www.europarl.europa.eu/RegData/etudes/STUD/2021/654212/EPRS_STU(2021)654212_EN.pdf,OK
http://www.europarl.europa.eu/RegData/etudes/BRIE/2021/662937/IPOL_BRI(2021)662937_EN.pdf,OK
https://www.europarl.europa.eu/RegData/etudes/STUD/2021/662912/IPOL_STU(2021)662912_EN.pdf,OK
https://www.europarl.europa.eu/doceo/document/TA-9-2021-0009_EN.pdf,OK
https://www.europarl.europa.eu/RegData/etudes/STUD/2022/729541/EPRS_STU(2022)729541_EN.pdf,OK
https://www.europarl.europa.eu/RegData/etudes/STUD/2021/696968/IPOL_STU(2021)696968_EN.pdf,OK
https://www.europarl.europa.eu/RegData/etudes/STUD/2021/662908/IPOL_STU(2021)662908_EN.pdf,OK
https://www.europarl.europa.eu/thinktank/en/document.html?reference=EPRS_STU(2020)654178,OK
https://oeil.secure.europarl.europa.eu/oeil/popups/ficheprocedure.do?lang=&reference=2018/2088(INI),OK
https://www.europarl.europa.eu/RegData/etudes/STUD/2021/656311/EPRS_STU(2021)656311_EN.pdf,OK
https://www.europarl.europa.eu/doceo/document/AIDA-PR-680928_EN.pdf,OK
https://www.europarl.europa.eu/RegData/etudes/BRIE/2019/640163/EPRS_BRI(2019)640163_EN.pdf,OK
https://www.europarl.europa.eu/RegData/etudes/BRIE/2021/698792/EPRS_BRI(2021)698792_EN.pdf,OK
https://www.europarl.europa.eu/RegData/etudes/STUD/2018/626074/IPOL_STU(2018)626074_EN.pdf,OK
http://www.europarl.europa.eu/doceo/document/TA-8-2019-0081_EN.pdf,OK
https://www.europarl.europa.eu/RegData/etudes/STUD/2022/729533/EPRS_STU(2022)729533_EN.pdf,OK
https://www.europarl.europa.eu/RegData/etudes/STUD/2022/703345/IPOL_STU(2022)703345_EN.pdf,OK
http://www.europarl.europa.eu/RegData/etudes/STUD/2021/662911/IPOL_STU(2021)662911_EN.pdf,OK
https://op.europa.eu/fr/publication-detail/-/publication/c721f802-9ce7-11e7-b92d-01aa75ed71a1/language-en,OK
https://www.europarl.europa.eu/RegData/etudes/BRIE/2022/729376/EPRS_BRI(2022)729376_EN.pdf,OK
https://www.europarl.europa.eu/RegData/etudes/STUD/2021/697191/EPRS_STU(2021)697191_EN.pdf,OK
ERR: https://www.europarl.europa.eu/cmsdata/246872/A9-0088_2022_EN.pdf,404
https://www.europarl.europa.eu/doceo/document/A-9-2020-0176_EN.pdf,OK
https://www.europarl.europa.eu/doceo/document/A-9-2020-0186_EN.pdf,OK
https://www.europarl.europa.eu/doceo/document/A-8-2017-0005_EN.html,OK
https://www.europarl.europa.eu/doceo/document/A-9-2020-0178_EN.pdf,OK
https://www.europarl.europa.eu/doceo/document/TA-9-2021-0405_EN.html,OK
http://www.europarl.europa.eu/sides/getDoc.do?pubRef=-//EP//TEXT+TA+P8-TA-2017-0076+0+DOC+XML+V0//EN,OK
http://www.europarl.europa.eu/sides/getDoc.do?pubRef=-//EP//TEXT+TA+P8-TA-2017-0051+0+DOC+XML+V0//EN,OK
https://www.europarl.europa.eu/RegData/etudes/STUD/2019/624261/EPRS_STU(2019)624261_EN.pdf,OK
http://www.europarl.europa.eu/RegData/etudes/STUD/2018/626074/IPOL_STU(2018)626074_EN.pdf,OK
ERR: https://www.europarl.europa.eu/stoa/en/document/EPRS_STU(2020)634452 direct url http://www.europarl.europa.eu/RegData/etudes/STUD/2020/634452/EPRS_STU(2020)634452_EN.pdf,404
https://www.europarl.europa.eu/RegData/etudes/STUD/2021/662906/IPOL_STU(2021)662906_EN.pdf,OK
https://ec.europa.eu/newsroom/dae/redirection/document/92399,OK
https://www.enisa.europa.eu/publications/artificial-intelligence-cybersecurity-challenges/@@download/fullReport,OK
https://euipo.europa.eu/tunnel-web/secure/webdav/guest/document_library/observatory/documents/reports/2022_Impact_AI_on_the_Infringement_and_Enforcement_CR_Designs/2022_Impact_AI_on_the_Infringement_and_Enforcement_CR_Designs_FullR_en.pdf,OK
ERR: https://www.europol.europa.eu/publications-documents/malicious-uses-and-abuses-of-artificial-intelligence direct download link https://www.europol.europa.eu/cms/sites/default/files/documents/malicious_uses_and_abuses_of_artificial_intelligence_europol.pdf,404
https://testing-ai.gi.de/english,OK
https://obamawhitehouse.archives.gov/sites/default/files/whitehouse_files/microsites/ostp/NSTC/preparing_for_the_future_of_ai.pdf,OK
https://english.ey.gov.tw/News3/9E5540D592A5FECD/1dec0902-e02a-49c6-870d-e77208481667,OK
https://www.fairtrials.org/automating-injustice,OK
https://www.fatml.org/resources/principles-for-accountable-algorithms,OK
https://www.fast.ai/2018/09/24/ai-ethics-resources/,OK
http://www.bundeskartellamt.de/SharedDocs/Publikation/DE/Schriftenreihe_Digitales/Schriftenreihe_Digitales_1.pdf?__blob=publicationFile&v=3,OK
ERR: https://www.digitalroadmap.gv.at/en/,400
https://www.bmwi.de/Redaktion/DE/Downloads/E/eckpunktepapier-ki.pdf?__blob=publicationFile&v=10,OK
https://www.ki-strategie-deutschland.de/home.html?file=files/downloads/Nationale_KI-Strategie_engl.pdf,OK
https://www.bmk.gv.at/dam/jcr:8acef058-7167-4335-880e-9fa341b723c8/aimat_ua.pdf,OK
https://www.abida.de/en,OK
https://www.ki-strategie-deutschland.de/home.html?file=files/downloads/Nationale_KI-Strategie_engl.pdf,OK
https://www.vzbv.de/sites/default/files/downloads/2019/07/19/19-06-25_vzbv_positions_adm_control_summary_en.pdf,OK
https://drive.google.com/file/d/1h_9IiL-EkVHJ82upaXkUqpH-JboNyk1c/view,OK
ERR: https://www.aiforhumanity.fr/en/, HTTPSConnectionPool(host='www.aiforhumanity.fr', port=443): Max retries exceeded with url: /en/ (Caused by NewConnectionError('<urllib3.connection.HTTPSConnection object at 0x776710778fe0>: Failed to establish a new connection: [Errno 113] No route to host'))
https://www.aiforhumanity.fr/en/,OK
https://www.ki.nrw/wp-content/uploads/2020/03/Whitepaper_Thrustworthy_AI.pdf,OK
https://freedomonlinecoalition.com/wp-content/uploads/2021/06/FOC-Joint-Statement-on-Artificial-Intelligence-and-Human-Rights.pdf,OK
https://www.cnil.fr/sites/default/files/atoms/files/cnil_rapport_ai_gb_web.pdf,OK
https://www.allistene.fr/files/2019/05/rapportCCNE-CERNA-Version-anglaise.pdf,OK
https://rm.coe.int/final-declaration-of-the-french-presidency-conference-of-mj-coe-15-oct/168098383f,OK
https://fra.europa.eu/sites/default/files/fra_uploads/fra-2018-focus-big-data_en.pdf,OK
https://fra.europa.eu/sites/default/files/fra_uploads/fra-2022-bias-in-algorithms_en.pdf,OK
https://fra.europa.eu/sites/default/files/fra_uploads/fra-2019-data-quality-and-ai_en.pdf,OK
https://fra.europa.eu/sites/default/files/fra_uploads/fra-2019-facial-recognition-technology-focus-paper-1_en.pdf,OK
https://fra.europa.eu/sites/default/files/fra_uploads/fra-2020-artificial-intelligence_en.pdf,OK
https://cms.wellcome.org/sites/default/files/ai-in-health-ethical-social-political-challenges.pdf,OK
https://www.fhi.ox.ac.uk/wp-content/uploads/Standards_-FHI-Technical-Report.pdf,OK
https://arxiv.org/pdf/1802.07228.pdf,OK
https://futureoflife.org/open-letter/ai-principles/,OK
https://fpf.org/wp-content/uploads/2022/05/FPF-ADM-Report-R2-singles.pdf,OK
https://fpf.org/wp-content/uploads/2017/12/FPF-Automated-Decision-Making-Harms-and-Mitigation-Charts.pdf,OK
https://www.mofa.go.jp/files/000486596.pdf,OK
https://www.mofa.go.jp/files/000373837.pdf,OK
https://gi.de/ethicalguidelines,OK
https://germanycoe.de/storage/documents/Conference_Conclusions.pdf,OK
https://globalnetworkinitiative.org/wp-content/uploads/2018/04/GNI-Principles-on-Freedom-of-Expression-and-Privacy.pdf,OK
https://gpai.ai/projects/responsible-ai/environment/climate-change-and-ai.pdf,OK
http://globalpolicy.ai,OK
https://www.blog.google/technology/ai/external-advisory-council-help-advance-responsible-development-ai/,OK
https://ai.google/static/documents/perspectives-on-issues-in-ai-governance.pdf,OK
https://ai.google/static/documents/responsible-development-of-ai.pdf,OK
https://ai.google/static/documents/ai-principles-2022-progress-update.pdf,OK
https://blog.google/technology/ai/ai-principles/,OK
https://ai.google/responsibilities/responsible-ai-practices/,OK
https://pair.withgoogle.com/,OK
https://f98cc689-5814-47ec-86b3-db505a7c3978.filesusr.com/ugd/7df26f_27a618cb80a648c38be427194affa2f3.pdf,OK
https://www.gov.uk/government/collections/a-guide-to-using-artificial-intelligence-in-the-public-sector,OK
ERR: https://www.gov.il/BlobFolder/generalpage/strategic_plan_19/en/STRATIGY-%20ICT%20AUTHORITY%20-%20ENGLISH.pdf.,403
https://participa.gencat.cat/uploads/decidim/attachment/file/932/Document-Bases-Estrategia-IA-Catalunya-_ENversion.pdf,OK
https://enterprise.gov.ie/en/Publications/Publication-files/National-AI-Strategy.pdf,OK
https://k-erc.eu/wp-content/uploads/2017/12/Master-Plan-for-the-intelligent-information-society.pdf,OK
ERR: http://kurklt.lt/wp-content/uploads/2018/09/StrategyIndesignpdf.pdf,500
https://commission.europa.eu/document/download/ff57e883-cbd7-41dc-81f4-40dc025257e7_en?filename=2018-european-semester-national-reform-programme-lithuania-en.pdf,OK
https://www.northsweden.eu/media/2789/2018ai_webb.pdf,OK
ERR: https://www.government.se/491fa7/contentassets/fe2ba005fb49433587574c513a837fac/national-approach-to-artificial-intelligence.pdf,404
https://www.gov.uk/government/uploads/system/uploads/attachment_data/file/709514/2018-05-16_Research_Code_of_Practice_and_Accreditation_Criteria.pdf,OK
https://www.gov.uk/government/uploads/system/uploads/attachment_data/file/709515/2018-05-16_Statistics_Statement-of-Principles_and_CoP_Data_Systems.pdf,OK
https://www.abajournal.com/legalrebels/article/a_principled_artificial_intelligence_could_improve_justice,OK
https://hai.stanford.edu/sites/default/files/2021-10/HAI_NRCR_2021_0.pdf,OK
https://www.umweltdialog.de/de-wAssets/docs/2014-Dokumente-zu-Artikeln/leitfaden_unternehmen.pdf,OK
https://assets.publishing.service.gov.uk/government/uploads/system/uploads/attachment_data/file/664563/industrial-strategy-white-paper-web-ready-version.pdf,OK
ERR: https://www.hdm-stuttgart.de/digitale-ethik/digitalkompetenz/ethische_unternehmensleitlinien;%20https://www.hdm-stuttgart.de/grimm/material/ethische_unternehmensleitlinien/material/UN_Regeln_booklet,404
ERR: https://publications.parliament.uk/pa/ld5802/ldselect/ldjusthom/180/180.pdf,403
https://ec.europa.eu/futurium/en/system/files/ged/responsible_ai_consultation_-_public_recommendations_v1.0.pdf,OK
ERR: https://ia-latam.com/etica-ia-latam/,404
https://www.ia2030.mx/principios-ia,OK
https://iapp.org/media/pdf/resource_center/building_ethics_into_privacy_frameworks_white_paper.pdf,OK
https://www.ibm.com/downloads/cas/J2LAYLOZ,OK
https://www.ibm.com/artificial-intelligence/ethics,OK
https://www.ibm.com/watson/assets/duo/pdf/everydayethics.pdf,OK
https://www.ibm.com/policy/trust-principles/,OK
https://www.ibm.com/blogs/think/2017/01/ibm-cognitive-principles/,OK
https://www.research.ibm.com/artificial-intelligence/trusted-ai/,OK
http://www.iiim.is/ethics-policy/,OK
https://www.ideo.com/blog/ai-needs-an-ethical-compass-this-tool-can-help,OK
https://ind.ie/ethical-design/,OK
ERR: https://www2.gov.scot/About/Review/biometric-data new url https://www.gov.scot/publications/report-independent-advisory-group-use-biometric-data-scotland/,404
https://indiaai.gov.in/research-reports/responsible-ai-part-1-principles-for-responsible-ai,OK
https://issuu.com/indiansocietyai/docs/2020_handbook_on_artificial_intelligence_and_inter,OK
https://ico.org.uk/for-organisations/guide-to-data-protection/key-dp-themes/guidance-on-artificial-intelligence-and-data-protection/ new url https://ico.org.uk/for-organisations/uk-gdpr-guidance-and-resources/artificial-intelligence/guidance-on-ai-and-data-protection/,OK
https://ico.org.uk/media/2617219/guidance-on-the-ai-auditing-framework-draft-for-consultation.pdf,OK
https://ico.org.uk/media/for-organisations/documents/2013559/big-data-ai-ml-and-data-protection.pdf,OK
ERR: https://ico.org.uk/about-the-ico/news-and-events/news-and-blogs/2017/03/blog-big-data-and-the-insurance-sector/,404
https://ico.org.uk/media/for-organisations/documents/1589/promotion_of_a_political_party.pdf,OK
https://ico.org.uk/media/for-organisations/guide-to-data-protection/key-dp-themes/explaining-decisions-made-with-artificial-intelligence-1-0.pdf,OK
ERR: https://www.itic.org/public-policy/ITIAIPolicyPrinciplesFINAL.pdf new doc https://www.itic.org/documents/artificial-intelligence/ITI_GlobalAIPrinciples_032321_v3.pdf,404
http://www.giodo.gov.pl/pl/1520297/10068,OK
https://www.soumu.go.jp/main_content/000507517.pdf,OK
https://www.soumu.go.jp/main_content/000581310.pdf,OK
https://global-uploads.webflow.com/5f57d40eb1c2ef22d8a8ca7e/62349d0fc097275eec2a930c_IFOW-AIA%20Policy%20Paper%20(v8-18.03.22).pdf,OK
https://global-uploads.webflow.com/5f57d40eb1c2ef22d8a8ca7e/62459a045de6afc1d9973bf4_The%20New%20Frontier%20-%20Artificial%20Intelligence%20at%20Work%5B4%5D.pdf,OK
ERR: https://ethicalos.org/wp-content/uploads/2018/08/Ethical-OS-Toolkit-2.pdf,404
